The target system is: Android - 1 - aarch64
The host system is: Linux - 6.1.0-25-amd64 - x86_64
Compiling the C compiler identification source file "CMakeCCompilerId.c" succeeded.
Compiler: /home/msist/Android/Sdk/ndk/27.0.12077973/toolchains/llvm/prebuilt/linux-x86_64/bin/clang 
Build flags: -g;-DANDROID;-fdata-sections;-ffunction-sections;-funwind-tables;-fstack-protector-strong;-no-canonical-prefixes;-D_FORTIFY_SOURCE=2;-Wformat;-Werror=format-security;
Id flags: -c;--target=aarch64-none-linux-android24 

The output was:
0


Compilation of the C compiler identification source "CMakeCCompilerId.c" produced "CMakeCCompilerId.o"

The C compiler identification is Clang, found in "/media/msist/data/OpenCLAndroidExample_yes/build_cli/CMakeFiles/3.22.1-g37088a8/CompilerIdC/CMakeCCompilerId.o"

Compiling the CXX compiler identification source file "CMakeCXXCompilerId.cpp" succeeded.
Compiler: /home/msist/Android/Sdk/ndk/27.0.12077973/toolchains/llvm/prebuilt/linux-x86_64/bin/clang++ 
Build flags: -g;-DANDROID;-fdata-sections;-ffunction-sections;-funwind-tables;-fstack-protector-strong;-no-canonical-prefixes;-D_FORTIFY_SOURCE=2;-Wformat;-Werror=format-security;;
Id flags: -c;--target=aarch64-none-linux-android24 

The output was:
0


Compilation of the CXX compiler identification source "CMakeCXXCompilerId.cpp" produced "CMakeCXXCompilerId.o"

The CXX compiler identification is Clang, found in "/media/msist/data/OpenCLAndroidExample_yes/build_cli/CMakeFiles/3.22.1-g37088a8/CompilerIdCXX/CMakeCXXCompilerId.o"

Detecting C compiler ABI info compiled with the following output:
Change Dir: /media/msist/data/OpenCLAndroidExample_yes/build_cli/CMakeFiles/CMakeTmp

Run Build Command(s):/usr/bin/gmake -f Makefile cmTC_30160/fast && gmake[1]: Entering directory '/media/msist/data/OpenCLAndroidExample_yes/build_cli/CMakeFiles/CMakeTmp'
/usr/bin/gmake  -f CMakeFiles/cmTC_30160.dir/build.make CMakeFiles/cmTC_30160.dir/build
gmake[2]: Entering directory '/media/msist/data/OpenCLAndroidExample_yes/build_cli/CMakeFiles/CMakeTmp'
Building C object CMakeFiles/cmTC_30160.dir/CMakeCCompilerABI.c.o
/home/msist/Android/Sdk/ndk/27.0.12077973/toolchains/llvm/prebuilt/linux-x86_64/bin/clang --target=aarch64-none-linux-android24 --sysroot=/home/msist/Android/Sdk/ndk/27.0.12077973/toolchains/llvm/prebuilt/linux-x86_64/sysroot   -g -DANDROID -fdata-sections -ffunction-sections -funwind-tables -fstack-protector-strong -no-canonical-prefixes -D_FORTIFY_SOURCE=2 -Wformat   -fPIE   -v -MD -MT CMakeFiles/cmTC_30160.dir/CMakeCCompilerABI.c.o -MF CMakeFiles/cmTC_30160.dir/CMakeCCompilerABI.c.o.d -o CMakeFiles/cmTC_30160.dir/CMakeCCompilerABI.c.o -c /home/msist/Android/Sdk/cmake/3.22.1/share/cmake-3.22/Modules/CMakeCCompilerABI.c
Android (12027248, +pgo, +bolt, +lto, +mlgo, based on r522817) clang version 18.0.1 (https://android.googlesource.com/toolchain/llvm-project d8003a456d14a3deb8054cdaa529ffbf02d9b262)
Target: aarch64-none-linux-android24
Thread model: posix
InstalledDir: /home/msist/Android/Sdk/ndk/27.0.12077973/toolchains/llvm/prebuilt/linux-x86_64/bin
Found CUDA installation: /usr/local/cuda-12.6, version 
 (in-process)
 "/home/msist/Android/Sdk/ndk/27.0.12077973/toolchains/llvm/prebuilt/linux-x86_64/bin/clang" -cc1 -triple aarch64-none-linux-android24 -emit-obj -mrelax-all -disable-free -clear-ast-before-backend -disable-llvm-verifier -discard-value-names -main-file-name CMakeCCompilerABI.c -mrelocation-model pic -pic-level 2 -pic-is-pie -mframe-pointer=non-leaf -ffp-contract=on -fno-rounding-math -mconstructor-aliases -funwind-tables=2 -target-cpu generic -target-feature +neon -target-feature +v8a -target-feature +fix-cortex-a53-835769 -target-abi aapcs -debug-info-kind=constructor -dwarf-version=4 -debugger-tuning=gdb -fdebug-compilation-dir=/media/msist/data/OpenCLAndroidExample_yes/build_cli/CMakeFiles/CMakeTmp -v -ffunction-sections -fdata-sections -fcoverage-compilation-dir=/media/msist/data/OpenCLAndroidExample_yes/build_cli/CMakeFiles/CMakeTmp -resource-dir /home/msist/Android/Sdk/ndk/27.0.12077973/toolchains/llvm/prebuilt/linux-x86_64/lib/clang/18 -dependency-file CMakeFiles/cmTC_30160.dir/CMakeCCompilerABI.c.o.d -MT CMakeFiles/cmTC_30160.dir/CMakeCCompilerABI.c.o -sys-header-deps -D ANDROID -D _FORTIFY_SOURCE=2 -isysroot /home/msist/Android/Sdk/ndk/27.0.12077973/toolchains/llvm/prebuilt/linux-x86_64/sysroot -internal-isystem /home/msist/Android/Sdk/ndk/27.0.12077973/toolchains/llvm/prebuilt/linux-x86_64/lib/clang/18/include -internal-isystem /home/msist/Android/Sdk/ndk/27.0.12077973/toolchains/llvm/prebuilt/linux-x86_64/sysroot/usr/local/include -internal-externc-isystem /home/msist/Android/Sdk/ndk/27.0.12077973/toolchains/llvm/prebuilt/linux-x86_64/sysroot/usr/include/aarch64-linux-android -internal-externc-isystem /home/msist/Android/Sdk/ndk/27.0.12077973/toolchains/llvm/prebuilt/linux-x86_64/sysroot/include -internal-externc-isystem /home/msist/Android/Sdk/ndk/27.0.12077973/toolchains/llvm/prebuilt/linux-x86_64/sysroot/usr/include -Wformat -ferror-limit 19 -femulated-tls -stack-protector 2 -fno-signed-char -fgnuc-version=4.2.1 -target-feature +outline-atomics -D__GCC_HAVE_DWARF2_CFI_ASM=1 -o CMakeFiles/cmTC_30160.dir/CMakeCCompilerABI.c.o -x c /home/msist/Android/Sdk/cmake/3.22.1/share/cmake-3.22/Modules/CMakeCCompilerABI.c
clang -cc1 version 18.0.1 based upon LLVM 18.0.1 default target x86_64-unknown-linux-gnu
ignoring nonexistent directory "/home/msist/Android/Sdk/ndk/27.0.12077973/toolchains/llvm/prebuilt/linux-x86_64/sysroot/usr/local/include"
ignoring nonexistent directory "/home/msist/Android/Sdk/ndk/27.0.12077973/toolchains/llvm/prebuilt/linux-x86_64/sysroot/include"
#include "..." search starts here:
#include <...> search starts here:
 /home/msist/Android/Sdk/ndk/27.0.12077973/toolchains/llvm/prebuilt/linux-x86_64/lib/clang/18/include
 /home/msist/Android/Sdk/ndk/27.0.12077973/toolchains/llvm/prebuilt/linux-x86_64/sysroot/usr/include/aarch64-linux-android
 /home/msist/Android/Sdk/ndk/27.0.12077973/toolchains/llvm/prebuilt/linux-x86_64/sysroot/usr/include
End of search list.
Linking C executable cmTC_30160
/home/msist/Android/Sdk/cmake/3.22.1/bin/cmake -E cmake_link_script CMakeFiles/cmTC_30160.dir/link.txt --verbose=1
/home/msist/Android/Sdk/ndk/27.0.12077973/toolchains/llvm/prebuilt/linux-x86_64/bin/clang --target=aarch64-none-linux-android24 --sysroot=/home/msist/Android/Sdk/ndk/27.0.12077973/toolchains/llvm/prebuilt/linux-x86_64/sysroot -g -DANDROID -fdata-sections -ffunction-sections -funwind-tables -fstack-protector-strong -no-canonical-prefixes -D_FORTIFY_SOURCE=2 -Wformat   -static-libstdc++ -Wl,--build-id=sha1 -Wl,--no-rosegment -Wl,--no-undefined-version -Wl,--fatal-warnings -Wl,--no-undefined -Qunused-arguments   -v CMakeFiles/cmTC_30160.dir/CMakeCCompilerABI.c.o -o cmTC_30160 
Android (12027248, +pgo, +bolt, +lto, +mlgo, based on r522817) clang version 18.0.1 (https://android.googlesource.com/toolchain/llvm-project d8003a456d14a3deb8054cdaa529ffbf02d9b262)
Target: aarch64-none-linux-android24
Thread model: posix
InstalledDir: /home/msist/Android/Sdk/ndk/27.0.12077973/toolchains/llvm/prebuilt/linux-x86_64/bin
Found CUDA installation: /usr/local/cuda-12.6, version 
 "/home/msist/Android/Sdk/ndk/27.0.12077973/toolchains/llvm/prebuilt/linux-x86_64/bin/ld.lld" --sysroot=/home/msist/Android/Sdk/ndk/27.0.12077973/toolchains/llvm/prebuilt/linux-x86_64/sysroot -EL --fix-cortex-a53-843419 -z now -z relro -z max-page-size=4096 --hash-style=gnu --eh-frame-hdr -m aarch64linux -pie -dynamic-linker /system/bin/linker64 -o cmTC_30160 /home/msist/Android/Sdk/ndk/27.0.12077973/toolchains/llvm/prebuilt/linux-x86_64/sysroot/usr/lib/aarch64-linux-android/24/crtbegin_dynamic.o -L/home/msist/Android/Sdk/ndk/27.0.12077973/toolchains/llvm/prebuilt/linux-x86_64/lib/clang/18/lib/linux/aarch64 -L/home/msist/Android/Sdk/ndk/27.0.12077973/toolchains/llvm/prebuilt/linux-x86_64/sysroot/usr/lib/aarch64-linux-android/24 -L/home/msist/Android/Sdk/ndk/27.0.12077973/toolchains/llvm/prebuilt/linux-x86_64/sysroot/usr/lib/aarch64-linux-android -L/home/msist/Android/Sdk/ndk/27.0.12077973/toolchains/llvm/prebuilt/linux-x86_64/sysroot/usr/lib --build-id=sha1 --no-rosegment --no-undefined-version --fatal-warnings --no-undefined CMakeFiles/cmTC_30160.dir/CMakeCCompilerABI.c.o /home/msist/Android/Sdk/ndk/27.0.12077973/toolchains/llvm/prebuilt/linux-x86_64/lib/clang/18/lib/linux/libclang_rt.builtins-aarch64-android.a -l:libunwind.a -ldl -lc /home/msist/Android/Sdk/ndk/27.0.12077973/toolchains/llvm/prebuilt/linux-x86_64/lib/clang/18/lib/linux/libclang_rt.builtins-aarch64-android.a -l:libunwind.a -ldl /home/msist/Android/Sdk/ndk/27.0.12077973/toolchains/llvm/prebuilt/linux-x86_64/sysroot/usr/lib/aarch64-linux-android/24/crtend_android.o
gmake[2]: Leaving directory '/media/msist/data/OpenCLAndroidExample_yes/build_cli/CMakeFiles/CMakeTmp'
gmake[1]: Leaving directory '/media/msist/data/OpenCLAndroidExample_yes/build_cli/CMakeFiles/CMakeTmp'



Parsed C implicit include dir info from above output: rv=done
  found start of include info
  found start of implicit include info
    add: [/home/msist/Android/Sdk/ndk/27.0.12077973/toolchains/llvm/prebuilt/linux-x86_64/lib/clang/18/include]
    add: [/home/msist/Android/Sdk/ndk/27.0.12077973/toolchains/llvm/prebuilt/linux-x86_64/sysroot/usr/include/aarch64-linux-android]
    add: [/home/msist/Android/Sdk/ndk/27.0.12077973/toolchains/llvm/prebuilt/linux-x86_64/sysroot/usr/include]
  end of search list found
  collapse include dir [/home/msist/Android/Sdk/ndk/27.0.12077973/toolchains/llvm/prebuilt/linux-x86_64/lib/clang/18/include] ==> [/home/msist/Android/Sdk/ndk/27.0.12077973/toolchains/llvm/prebuilt/linux-x86_64/lib/clang/18/include]
  collapse include dir [/home/msist/Android/Sdk/ndk/27.0.12077973/toolchains/llvm/prebuilt/linux-x86_64/sysroot/usr/include/aarch64-linux-android] ==> [/home/msist/Android/Sdk/ndk/27.0.12077973/toolchains/llvm/prebuilt/linux-x86_64/sysroot/usr/include/aarch64-linux-android]
  collapse include dir [/home/msist/Android/Sdk/ndk/27.0.12077973/toolchains/llvm/prebuilt/linux-x86_64/sysroot/usr/include] ==> [/home/msist/Android/Sdk/ndk/27.0.12077973/toolchains/llvm/prebuilt/linux-x86_64/sysroot/usr/include]
  implicit include dirs: [/home/msist/Android/Sdk/ndk/27.0.12077973/toolchains/llvm/prebuilt/linux-x86_64/lib/clang/18/include;/home/msist/Android/Sdk/ndk/27.0.12077973/toolchains/llvm/prebuilt/linux-x86_64/sysroot/usr/include/aarch64-linux-android;/home/msist/Android/Sdk/ndk/27.0.12077973/toolchains/llvm/prebuilt/linux-x86_64/sysroot/usr/include]


Parsed C implicit link information from above output:
  link line regex: [^( *|.*[/\])(ld\.lld|CMAKE_LINK_STARTFILE-NOTFOUND|([^/\]+-)?ld|collect2)[^/\]*( |$)]
  ignore line: [Change Dir: /media/msist/data/OpenCLAndroidExample_yes/build_cli/CMakeFiles/CMakeTmp]
  ignore line: []
  ignore line: [Run Build Command(s):/usr/bin/gmake -f Makefile cmTC_30160/fast && gmake[1]: Entering directory '/media/msist/data/OpenCLAndroidExample_yes/build_cli/CMakeFiles/CMakeTmp']
  ignore line: [/usr/bin/gmake  -f CMakeFiles/cmTC_30160.dir/build.make CMakeFiles/cmTC_30160.dir/build]
  ignore line: [gmake[2]: Entering directory '/media/msist/data/OpenCLAndroidExample_yes/build_cli/CMakeFiles/CMakeTmp']
  ignore line: [Building C object CMakeFiles/cmTC_30160.dir/CMakeCCompilerABI.c.o]
  ignore line: [/home/msist/Android/Sdk/ndk/27.0.12077973/toolchains/llvm/prebuilt/linux-x86_64/bin/clang --target=aarch64-none-linux-android24 --sysroot=/home/msist/Android/Sdk/ndk/27.0.12077973/toolchains/llvm/prebuilt/linux-x86_64/sysroot   -g -DANDROID -fdata-sections -ffunction-sections -funwind-tables -fstack-protector-strong -no-canonical-prefixes -D_FORTIFY_SOURCE=2 -Wformat   -fPIE   -v -MD -MT CMakeFiles/cmTC_30160.dir/CMakeCCompilerABI.c.o -MF CMakeFiles/cmTC_30160.dir/CMakeCCompilerABI.c.o.d -o CMakeFiles/cmTC_30160.dir/CMakeCCompilerABI.c.o -c /home/msist/Android/Sdk/cmake/3.22.1/share/cmake-3.22/Modules/CMakeCCompilerABI.c]
  ignore line: [Android (12027248  +pgo  +bolt  +lto  +mlgo  based on r522817) clang version 18.0.1 (https://android.googlesource.com/toolchain/llvm-project d8003a456d14a3deb8054cdaa529ffbf02d9b262)]
  ignore line: [Target: aarch64-none-linux-android24]
  ignore line: [Thread model: posix]
  ignore line: [InstalledDir: /home/msist/Android/Sdk/ndk/27.0.12077973/toolchains/llvm/prebuilt/linux-x86_64/bin]
  ignore line: [Found CUDA installation: /usr/local/cuda-12.6  version ]
  ignore line: [ (in-process)]
  ignore line: [ "/home/msist/Android/Sdk/ndk/27.0.12077973/toolchains/llvm/prebuilt/linux-x86_64/bin/clang" -cc1 -triple aarch64-none-linux-android24 -emit-obj -mrelax-all -disable-free -clear-ast-before-backend -disable-llvm-verifier -discard-value-names -main-file-name CMakeCCompilerABI.c -mrelocation-model pic -pic-level 2 -pic-is-pie -mframe-pointer=non-leaf -ffp-contract=on -fno-rounding-math -mconstructor-aliases -funwind-tables=2 -target-cpu generic -target-feature +neon -target-feature +v8a -target-feature +fix-cortex-a53-835769 -target-abi aapcs -debug-info-kind=constructor -dwarf-version=4 -debugger-tuning=gdb -fdebug-compilation-dir=/media/msist/data/OpenCLAndroidExample_yes/build_cli/CMakeFiles/CMakeTmp -v -ffunction-sections -fdata-sections -fcoverage-compilation-dir=/media/msist/data/OpenCLAndroidExample_yes/build_cli/CMakeFiles/CMakeTmp -resource-dir /home/msist/Android/Sdk/ndk/27.0.12077973/toolchains/llvm/prebuilt/linux-x86_64/lib/clang/18 -dependency-file CMakeFiles/cmTC_30160.dir/CMakeCCompilerABI.c.o.d -MT CMakeFiles/cmTC_30160.dir/CMakeCCompilerABI.c.o -sys-header-deps -D ANDROID -D _FORTIFY_SOURCE=2 -isysroot /home/msist/Android/Sdk/ndk/27.0.12077973/toolchains/llvm/prebuilt/linux-x86_64/sysroot -internal-isystem /home/msist/Android/Sdk/ndk/27.0.12077973/toolchains/llvm/prebuilt/linux-x86_64/lib/clang/18/include -internal-isystem /home/msist/Android/Sdk/ndk/27.0.12077973/toolchains/llvm/prebuilt/linux-x86_64/sysroot/usr/local/include -internal-externc-isystem /home/msist/Android/Sdk/ndk/27.0.12077973/toolchains/llvm/prebuilt/linux-x86_64/sysroot/usr/include/aarch64-linux-android -internal-externc-isystem /home/msist/Android/Sdk/ndk/27.0.12077973/toolchains/llvm/prebuilt/linux-x86_64/sysroot/include -internal-externc-isystem /home/msist/Android/Sdk/ndk/27.0.12077973/toolchains/llvm/prebuilt/linux-x86_64/sysroot/usr/include -Wformat -ferror-limit 19 -femulated-tls -stack-protector 2 -fno-signed-char -fgnuc-version=4.2.1 -target-feature +outline-atomics -D__GCC_HAVE_DWARF2_CFI_ASM=1 -o CMakeFiles/cmTC_30160.dir/CMakeCCompilerABI.c.o -x c /home/msist/Android/Sdk/cmake/3.22.1/share/cmake-3.22/Modules/CMakeCCompilerABI.c]
  ignore line: [clang -cc1 version 18.0.1 based upon LLVM 18.0.1 default target x86_64-unknown-linux-gnu]
  ignore line: [ignoring nonexistent directory "/home/msist/Android/Sdk/ndk/27.0.12077973/toolchains/llvm/prebuilt/linux-x86_64/sysroot/usr/local/include"]
  ignore line: [ignoring nonexistent directory "/home/msist/Android/Sdk/ndk/27.0.12077973/toolchains/llvm/prebuilt/linux-x86_64/sysroot/include"]
  ignore line: [#include "..." search starts here:]
  ignore line: [#include <...> search starts here:]
  ignore line: [ /home/msist/Android/Sdk/ndk/27.0.12077973/toolchains/llvm/prebuilt/linux-x86_64/lib/clang/18/include]
  ignore line: [ /home/msist/Android/Sdk/ndk/27.0.12077973/toolchains/llvm/prebuilt/linux-x86_64/sysroot/usr/include/aarch64-linux-android]
  ignore line: [ /home/msist/Android/Sdk/ndk/27.0.12077973/toolchains/llvm/prebuilt/linux-x86_64/sysroot/usr/include]
  ignore line: [End of search list.]
  ignore line: [Linking C executable cmTC_30160]
  ignore line: [/home/msist/Android/Sdk/cmake/3.22.1/bin/cmake -E cmake_link_script CMakeFiles/cmTC_30160.dir/link.txt --verbose=1]
  ignore line: [/home/msist/Android/Sdk/ndk/27.0.12077973/toolchains/llvm/prebuilt/linux-x86_64/bin/clang --target=aarch64-none-linux-android24 --sysroot=/home/msist/Android/Sdk/ndk/27.0.12077973/toolchains/llvm/prebuilt/linux-x86_64/sysroot -g -DANDROID -fdata-sections -ffunction-sections -funwind-tables -fstack-protector-strong -no-canonical-prefixes -D_FORTIFY_SOURCE=2 -Wformat   -static-libstdc++ -Wl --build-id=sha1 -Wl --no-rosegment -Wl --no-undefined-version -Wl --fatal-warnings -Wl --no-undefined -Qunused-arguments   -v CMakeFiles/cmTC_30160.dir/CMakeCCompilerABI.c.o -o cmTC_30160 ]
  ignore line: [Android (12027248  +pgo  +bolt  +lto  +mlgo  based on r522817) clang version 18.0.1 (https://android.googlesource.com/toolchain/llvm-project d8003a456d14a3deb8054cdaa529ffbf02d9b262)]
  ignore line: [Target: aarch64-none-linux-android24]
  ignore line: [Thread model: posix]
  ignore line: [InstalledDir: /home/msist/Android/Sdk/ndk/27.0.12077973/toolchains/llvm/prebuilt/linux-x86_64/bin]
  ignore line: [Found CUDA installation: /usr/local/cuda-12.6  version ]
  link line: [ "/home/msist/Android/Sdk/ndk/27.0.12077973/toolchains/llvm/prebuilt/linux-x86_64/bin/ld.lld" --sysroot=/home/msist/Android/Sdk/ndk/27.0.12077973/toolchains/llvm/prebuilt/linux-x86_64/sysroot -EL --fix-cortex-a53-843419 -z now -z relro -z max-page-size=4096 --hash-style=gnu --eh-frame-hdr -m aarch64linux -pie -dynamic-linker /system/bin/linker64 -o cmTC_30160 /home/msist/Android/Sdk/ndk/27.0.12077973/toolchains/llvm/prebuilt/linux-x86_64/sysroot/usr/lib/aarch64-linux-android/24/crtbegin_dynamic.o -L/home/msist/Android/Sdk/ndk/27.0.12077973/toolchains/llvm/prebuilt/linux-x86_64/lib/clang/18/lib/linux/aarch64 -L/home/msist/Android/Sdk/ndk/27.0.12077973/toolchains/llvm/prebuilt/linux-x86_64/sysroot/usr/lib/aarch64-linux-android/24 -L/home/msist/Android/Sdk/ndk/27.0.12077973/toolchains/llvm/prebuilt/linux-x86_64/sysroot/usr/lib/aarch64-linux-android -L/home/msist/Android/Sdk/ndk/27.0.12077973/toolchains/llvm/prebuilt/linux-x86_64/sysroot/usr/lib --build-id=sha1 --no-rosegment --no-undefined-version --fatal-warnings --no-undefined CMakeFiles/cmTC_30160.dir/CMakeCCompilerABI.c.o /home/msist/Android/Sdk/ndk/27.0.12077973/toolchains/llvm/prebuilt/linux-x86_64/lib/clang/18/lib/linux/libclang_rt.builtins-aarch64-android.a -l:libunwind.a -ldl -lc /home/msist/Android/Sdk/ndk/27.0.12077973/toolchains/llvm/prebuilt/linux-x86_64/lib/clang/18/lib/linux/libclang_rt.builtins-aarch64-android.a -l:libunwind.a -ldl /home/msist/Android/Sdk/ndk/27.0.12077973/toolchains/llvm/prebuilt/linux-x86_64/sysroot/usr/lib/aarch64-linux-android/24/crtend_android.o]
    arg [/home/msist/Android/Sdk/ndk/27.0.12077973/toolchains/llvm/prebuilt/linux-x86_64/bin/ld.lld] ==> ignore
    arg [--sysroot=/home/msist/Android/Sdk/ndk/27.0.12077973/toolchains/llvm/prebuilt/linux-x86_64/sysroot] ==> ignore
    arg [-EL] ==> ignore
    arg [--fix-cortex-a53-843419] ==> ignore
    arg [-znow] ==> ignore
    arg [-zrelro] ==> ignore
    arg [-zmax-page-size=4096] ==> ignore
    arg [--hash-style=gnu] ==> ignore
    arg [--eh-frame-hdr] ==> ignore
    arg [-m] ==> ignore
    arg [aarch64linux] ==> ignore
    arg [-pie] ==> ignore
    arg [-dynamic-linker] ==> ignore
    arg [/system/bin/linker64] ==> ignore
    arg [-o] ==> ignore
    arg [cmTC_30160] ==> ignore
    arg [/home/msist/Android/Sdk/ndk/27.0.12077973/toolchains/llvm/prebuilt/linux-x86_64/sysroot/usr/lib/aarch64-linux-android/24/crtbegin_dynamic.o] ==> obj [/home/msist/Android/Sdk/ndk/27.0.12077973/toolchains/llvm/prebuilt/linux-x86_64/sysroot/usr/lib/aarch64-linux-android/24/crtbegin_dynamic.o]
    arg [-L/home/msist/Android/Sdk/ndk/27.0.12077973/toolchains/llvm/prebuilt/linux-x86_64/lib/clang/18/lib/linux/aarch64] ==> dir [/home/msist/Android/Sdk/ndk/27.0.12077973/toolchains/llvm/prebuilt/linux-x86_64/lib/clang/18/lib/linux/aarch64]
    arg [-L/home/msist/Android/Sdk/ndk/27.0.12077973/toolchains/llvm/prebuilt/linux-x86_64/sysroot/usr/lib/aarch64-linux-android/24] ==> dir [/home/msist/Android/Sdk/ndk/27.0.12077973/toolchains/llvm/prebuilt/linux-x86_64/sysroot/usr/lib/aarch64-linux-android/24]
    arg [-L/home/msist/Android/Sdk/ndk/27.0.12077973/toolchains/llvm/prebuilt/linux-x86_64/sysroot/usr/lib/aarch64-linux-android] ==> dir [/home/msist/Android/Sdk/ndk/27.0.12077973/toolchains/llvm/prebuilt/linux-x86_64/sysroot/usr/lib/aarch64-linux-android]
    arg [-L/home/msist/Android/Sdk/ndk/27.0.12077973/toolchains/llvm/prebuilt/linux-x86_64/sysroot/usr/lib] ==> dir [/home/msist/Android/Sdk/ndk/27.0.12077973/toolchains/llvm/prebuilt/linux-x86_64/sysroot/usr/lib]
    arg [--build-id=sha1] ==> ignore
    arg [--no-rosegment] ==> ignore
    arg [--no-undefined-version] ==> ignore
    arg [--fatal-warnings] ==> ignore
    arg [--no-undefined] ==> ignore
    arg [CMakeFiles/cmTC_30160.dir/CMakeCCompilerABI.c.o] ==> ignore
    arg [/home/msist/Android/Sdk/ndk/27.0.12077973/toolchains/llvm/prebuilt/linux-x86_64/lib/clang/18/lib/linux/libclang_rt.builtins-aarch64-android.a] ==> lib [/home/msist/Android/Sdk/ndk/27.0.12077973/toolchains/llvm/prebuilt/linux-x86_64/lib/clang/18/lib/linux/libclang_rt.builtins-aarch64-android.a]
    arg [-l:libunwind.a] ==> lib [-l:libunwind.a]
    arg [-ldl] ==> lib [dl]
    arg [-lc] ==> lib [c]
    arg [/home/msist/Android/Sdk/ndk/27.0.12077973/toolchains/llvm/prebuilt/linux-x86_64/lib/clang/18/lib/linux/libclang_rt.builtins-aarch64-android.a] ==> lib [/home/msist/Android/Sdk/ndk/27.0.12077973/toolchains/llvm/prebuilt/linux-x86_64/lib/clang/18/lib/linux/libclang_rt.builtins-aarch64-android.a]
    arg [-l:libunwind.a] ==> lib [-l:libunwind.a]
    arg [-ldl] ==> lib [dl]
    arg [/home/msist/Android/Sdk/ndk/27.0.12077973/toolchains/llvm/prebuilt/linux-x86_64/sysroot/usr/lib/aarch64-linux-android/24/crtend_android.o] ==> obj [/home/msist/Android/Sdk/ndk/27.0.12077973/toolchains/llvm/prebuilt/linux-x86_64/sysroot/usr/lib/aarch64-linux-android/24/crtend_android.o]
  remove lib [/home/msist/Android/Sdk/ndk/27.0.12077973/toolchains/llvm/prebuilt/linux-x86_64/lib/clang/18/lib/linux/libclang_rt.builtins-aarch64-android.a]
  remove lib [/home/msist/Android/Sdk/ndk/27.0.12077973/toolchains/llvm/prebuilt/linux-x86_64/lib/clang/18/lib/linux/libclang_rt.builtins-aarch64-android.a]
  collapse library dir [/home/msist/Android/Sdk/ndk/27.0.12077973/toolchains/llvm/prebuilt/linux-x86_64/lib/clang/18/lib/linux/aarch64] ==> [/home/msist/Android/Sdk/ndk/27.0.12077973/toolchains/llvm/prebuilt/linux-x86_64/lib/clang/18/lib/linux/aarch64]
  collapse library dir [/home/msist/Android/Sdk/ndk/27.0.12077973/toolchains/llvm/prebuilt/linux-x86_64/sysroot/usr/lib/aarch64-linux-android/24] ==> [/home/msist/Android/Sdk/ndk/27.0.12077973/toolchains/llvm/prebuilt/linux-x86_64/sysroot/usr/lib/aarch64-linux-android/24]
  collapse library dir [/home/msist/Android/Sdk/ndk/27.0.12077973/toolchains/llvm/prebuilt/linux-x86_64/sysroot/usr/lib/aarch64-linux-android] ==> [/home/msist/Android/Sdk/ndk/27.0.12077973/toolchains/llvm/prebuilt/linux-x86_64/sysroot/usr/lib/aarch64-linux-android]
  collapse library dir [/home/msist/Android/Sdk/ndk/27.0.12077973/toolchains/llvm/prebuilt/linux-x86_64/sysroot/usr/lib] ==> [/home/msist/Android/Sdk/ndk/27.0.12077973/toolchains/llvm/prebuilt/linux-x86_64/sysroot/usr/lib]
  implicit libs: [-l:libunwind.a;dl;c;-l:libunwind.a;dl]
  implicit objs: [/home/msist/Android/Sdk/ndk/27.0.12077973/toolchains/llvm/prebuilt/linux-x86_64/sysroot/usr/lib/aarch64-linux-android/24/crtbegin_dynamic.o;/home/msist/Android/Sdk/ndk/27.0.12077973/toolchains/llvm/prebuilt/linux-x86_64/sysroot/usr/lib/aarch64-linux-android/24/crtend_android.o]
  implicit dirs: [/home/msist/Android/Sdk/ndk/27.0.12077973/toolchains/llvm/prebuilt/linux-x86_64/lib/clang/18/lib/linux/aarch64;/home/msist/Android/Sdk/ndk/27.0.12077973/toolchains/llvm/prebuilt/linux-x86_64/sysroot/usr/lib/aarch64-linux-android/24;/home/msist/Android/Sdk/ndk/27.0.12077973/toolchains/llvm/prebuilt/linux-x86_64/sysroot/usr/lib/aarch64-linux-android;/home/msist/Android/Sdk/ndk/27.0.12077973/toolchains/llvm/prebuilt/linux-x86_64/sysroot/usr/lib]
  implicit fwks: []


Detecting CXX compiler ABI info compiled with the following output:
Change Dir: /media/msist/data/OpenCLAndroidExample_yes/build_cli/CMakeFiles/CMakeTmp

Run Build Command(s):/usr/bin/gmake -f Makefile cmTC_02fa8/fast && gmake[1]: Entering directory '/media/msist/data/OpenCLAndroidExample_yes/build_cli/CMakeFiles/CMakeTmp'
/usr/bin/gmake  -f CMakeFiles/cmTC_02fa8.dir/build.make CMakeFiles/cmTC_02fa8.dir/build
gmake[2]: Entering directory '/media/msist/data/OpenCLAndroidExample_yes/build_cli/CMakeFiles/CMakeTmp'
Building CXX object CMakeFiles/cmTC_02fa8.dir/CMakeCXXCompilerABI.cpp.o
/home/msist/Android/Sdk/ndk/27.0.12077973/toolchains/llvm/prebuilt/linux-x86_64/bin/clang++ --target=aarch64-none-linux-android24 --sysroot=/home/msist/Android/Sdk/ndk/27.0.12077973/toolchains/llvm/prebuilt/linux-x86_64/sysroot   -g -DANDROID -fdata-sections -ffunction-sections -funwind-tables -fstack-protector-strong -no-canonical-prefixes -D_FORTIFY_SOURCE=2 -Wformat    -fPIE   -v -MD -MT CMakeFiles/cmTC_02fa8.dir/CMakeCXXCompilerABI.cpp.o -MF CMakeFiles/cmTC_02fa8.dir/CMakeCXXCompilerABI.cpp.o.d -o CMakeFiles/cmTC_02fa8.dir/CMakeCXXCompilerABI.cpp.o -c /home/msist/Android/Sdk/cmake/3.22.1/share/cmake-3.22/Modules/CMakeCXXCompilerABI.cpp
Android (12027248, +pgo, +bolt, +lto, +mlgo, based on r522817) clang version 18.0.1 (https://android.googlesource.com/toolchain/llvm-project d8003a456d14a3deb8054cdaa529ffbf02d9b262)
Target: aarch64-none-linux-android24
Thread model: posix
InstalledDir: /home/msist/Android/Sdk/ndk/27.0.12077973/toolchains/llvm/prebuilt/linux-x86_64/bin
Found CUDA installation: /usr/local/cuda-12.6, version 
 (in-process)
 "/home/msist/Android/Sdk/ndk/27.0.12077973/toolchains/llvm/prebuilt/linux-x86_64/bin/clang++" -cc1 -triple aarch64-none-linux-android24 -emit-obj -mrelax-all -disable-free -clear-ast-before-backend -disable-llvm-verifier -discard-value-names -main-file-name CMakeCXXCompilerABI.cpp -mrelocation-model pic -pic-level 2 -pic-is-pie -mframe-pointer=non-leaf -ffp-contract=on -fno-rounding-math -mconstructor-aliases -funwind-tables=2 -target-cpu generic -target-feature +neon -target-feature +v8a -target-feature +fix-cortex-a53-835769 -target-abi aapcs -debug-info-kind=constructor -dwarf-version=4 -debugger-tuning=gdb -fdebug-compilation-dir=/media/msist/data/OpenCLAndroidExample_yes/build_cli/CMakeFiles/CMakeTmp -v -ffunction-sections -fdata-sections -fcoverage-compilation-dir=/media/msist/data/OpenCLAndroidExample_yes/build_cli/CMakeFiles/CMakeTmp -resource-dir /home/msist/Android/Sdk/ndk/27.0.12077973/toolchains/llvm/prebuilt/linux-x86_64/lib/clang/18 -dependency-file CMakeFiles/cmTC_02fa8.dir/CMakeCXXCompilerABI.cpp.o.d -MT CMakeFiles/cmTC_02fa8.dir/CMakeCXXCompilerABI.cpp.o -sys-header-deps -D ANDROID -D _FORTIFY_SOURCE=2 -isysroot /home/msist/Android/Sdk/ndk/27.0.12077973/toolchains/llvm/prebuilt/linux-x86_64/sysroot -internal-isystem /home/msist/Android/Sdk/ndk/27.0.12077973/toolchains/llvm/prebuilt/linux-x86_64/sysroot/usr/include/c++/v1 -internal-isystem /home/msist/Android/Sdk/ndk/27.0.12077973/toolchains/llvm/prebuilt/linux-x86_64/lib/clang/18/include -internal-isystem /home/msist/Android/Sdk/ndk/27.0.12077973/toolchains/llvm/prebuilt/linux-x86_64/sysroot/usr/local/include -internal-externc-isystem /home/msist/Android/Sdk/ndk/27.0.12077973/toolchains/llvm/prebuilt/linux-x86_64/sysroot/usr/include/aarch64-linux-android -internal-externc-isystem /home/msist/Android/Sdk/ndk/27.0.12077973/toolchains/llvm/prebuilt/linux-x86_64/sysroot/include -internal-externc-isystem /home/msist/Android/Sdk/ndk/27.0.12077973/toolchains/llvm/prebuilt/linux-x86_64/sysroot/usr/include -Wformat -fdeprecated-macro -ferror-limit 19 -femulated-tls -stack-protector 2 -fno-signed-char -fgnuc-version=4.2.1 -fcxx-exceptions -fexceptions -target-feature +outline-atomics -D__GCC_HAVE_DWARF2_CFI_ASM=1 -o CMakeFiles/cmTC_02fa8.dir/CMakeCXXCompilerABI.cpp.o -x c++ /home/msist/Android/Sdk/cmake/3.22.1/share/cmake-3.22/Modules/CMakeCXXCompilerABI.cpp
clang -cc1 version 18.0.1 based upon LLVM 18.0.1 default target x86_64-unknown-linux-gnu
ignoring nonexistent directory "/home/msist/Android/Sdk/ndk/27.0.12077973/toolchains/llvm/prebuilt/linux-x86_64/sysroot/usr/local/include"
ignoring nonexistent directory "/home/msist/Android/Sdk/ndk/27.0.12077973/toolchains/llvm/prebuilt/linux-x86_64/sysroot/include"
#include "..." search starts here:
#include <...> search starts here:
 /home/msist/Android/Sdk/ndk/27.0.12077973/toolchains/llvm/prebuilt/linux-x86_64/sysroot/usr/include/c++/v1
 /home/msist/Android/Sdk/ndk/27.0.12077973/toolchains/llvm/prebuilt/linux-x86_64/lib/clang/18/include
 /home/msist/Android/Sdk/ndk/27.0.12077973/toolchains/llvm/prebuilt/linux-x86_64/sysroot/usr/include/aarch64-linux-android
 /home/msist/Android/Sdk/ndk/27.0.12077973/toolchains/llvm/prebuilt/linux-x86_64/sysroot/usr/include
End of search list.
Linking CXX executable cmTC_02fa8
/home/msist/Android/Sdk/cmake/3.22.1/bin/cmake -E cmake_link_script CMakeFiles/cmTC_02fa8.dir/link.txt --verbose=1
/home/msist/Android/Sdk/ndk/27.0.12077973/toolchains/llvm/prebuilt/linux-x86_64/bin/clang++ --target=aarch64-none-linux-android24 --sysroot=/home/msist/Android/Sdk/ndk/27.0.12077973/toolchains/llvm/prebuilt/linux-x86_64/sysroot -g -DANDROID -fdata-sections -ffunction-sections -funwind-tables -fstack-protector-strong -no-canonical-prefixes -D_FORTIFY_SOURCE=2 -Wformat    -static-libstdc++ -Wl,--build-id=sha1 -Wl,--no-rosegment -Wl,--no-undefined-version -Wl,--fatal-warnings -Wl,--no-undefined -Qunused-arguments   -v CMakeFiles/cmTC_02fa8.dir/CMakeCXXCompilerABI.cpp.o -o cmTC_02fa8 
Android (12027248, +pgo, +bolt, +lto, +mlgo, based on r522817) clang version 18.0.1 (https://android.googlesource.com/toolchain/llvm-project d8003a456d14a3deb8054cdaa529ffbf02d9b262)
Target: aarch64-none-linux-android24
Thread model: posix
InstalledDir: /home/msist/Android/Sdk/ndk/27.0.12077973/toolchains/llvm/prebuilt/linux-x86_64/bin
Found CUDA installation: /usr/local/cuda-12.6, version 
 "/home/msist/Android/Sdk/ndk/27.0.12077973/toolchains/llvm/prebuilt/linux-x86_64/bin/ld.lld" --sysroot=/home/msist/Android/Sdk/ndk/27.0.12077973/toolchains/llvm/prebuilt/linux-x86_64/sysroot -EL --fix-cortex-a53-843419 -z now -z relro -z max-page-size=4096 --hash-style=gnu --eh-frame-hdr -m aarch64linux -pie -dynamic-linker /system/bin/linker64 -o cmTC_02fa8 /home/msist/Android/Sdk/ndk/27.0.12077973/toolchains/llvm/prebuilt/linux-x86_64/sysroot/usr/lib/aarch64-linux-android/24/crtbegin_dynamic.o -L/home/msist/Android/Sdk/ndk/27.0.12077973/toolchains/llvm/prebuilt/linux-x86_64/lib/clang/18/lib/linux/aarch64 -L/home/msist/Android/Sdk/ndk/27.0.12077973/toolchains/llvm/prebuilt/linux-x86_64/sysroot/usr/lib/aarch64-linux-android/24 -L/home/msist/Android/Sdk/ndk/27.0.12077973/toolchains/llvm/prebuilt/linux-x86_64/sysroot/usr/lib/aarch64-linux-android -L/home/msist/Android/Sdk/ndk/27.0.12077973/toolchains/llvm/prebuilt/linux-x86_64/sysroot/usr/lib --build-id=sha1 --no-rosegment --no-undefined-version --fatal-warnings --no-undefined CMakeFiles/cmTC_02fa8.dir/CMakeCXXCompilerABI.cpp.o -Bstatic -lc++ -Bdynamic -lm /home/msist/Android/Sdk/ndk/27.0.12077973/toolchains/llvm/prebuilt/linux-x86_64/lib/clang/18/lib/linux/libclang_rt.builtins-aarch64-android.a -l:libunwind.a -ldl -lc /home/msist/Android/Sdk/ndk/27.0.12077973/toolchains/llvm/prebuilt/linux-x86_64/lib/clang/18/lib/linux/libclang_rt.builtins-aarch64-android.a -l:libunwind.a -ldl /home/msist/Android/Sdk/ndk/27.0.12077973/toolchains/llvm/prebuilt/linux-x86_64/sysroot/usr/lib/aarch64-linux-android/24/crtend_android.o
gmake[2]: Leaving directory '/media/msist/data/OpenCLAndroidExample_yes/build_cli/CMakeFiles/CMakeTmp'
gmake[1]: Leaving directory '/media/msist/data/OpenCLAndroidExample_yes/build_cli/CMakeFiles/CMakeTmp'



Parsed CXX implicit include dir info from above output: rv=done
  found start of include info
  found start of implicit include info
    add: [/home/msist/Android/Sdk/ndk/27.0.12077973/toolchains/llvm/prebuilt/linux-x86_64/sysroot/usr/include/c++/v1]
    add: [/home/msist/Android/Sdk/ndk/27.0.12077973/toolchains/llvm/prebuilt/linux-x86_64/lib/clang/18/include]
    add: [/home/msist/Android/Sdk/ndk/27.0.12077973/toolchains/llvm/prebuilt/linux-x86_64/sysroot/usr/include/aarch64-linux-android]
    add: [/home/msist/Android/Sdk/ndk/27.0.12077973/toolchains/llvm/prebuilt/linux-x86_64/sysroot/usr/include]
  end of search list found
  collapse include dir [/home/msist/Android/Sdk/ndk/27.0.12077973/toolchains/llvm/prebuilt/linux-x86_64/sysroot/usr/include/c++/v1] ==> [/home/msist/Android/Sdk/ndk/27.0.12077973/toolchains/llvm/prebuilt/linux-x86_64/sysroot/usr/include/c++/v1]
  collapse include dir [/home/msist/Android/Sdk/ndk/27.0.12077973/toolchains/llvm/prebuilt/linux-x86_64/lib/clang/18/include] ==> [/home/msist/Android/Sdk/ndk/27.0.12077973/toolchains/llvm/prebuilt/linux-x86_64/lib/clang/18/include]
  collapse include dir [/home/msist/Android/Sdk/ndk/27.0.12077973/toolchains/llvm/prebuilt/linux-x86_64/sysroot/usr/include/aarch64-linux-android] ==> [/home/msist/Android/Sdk/ndk/27.0.12077973/toolchains/llvm/prebuilt/linux-x86_64/sysroot/usr/include/aarch64-linux-android]
  collapse include dir [/home/msist/Android/Sdk/ndk/27.0.12077973/toolchains/llvm/prebuilt/linux-x86_64/sysroot/usr/include] ==> [/home/msist/Android/Sdk/ndk/27.0.12077973/toolchains/llvm/prebuilt/linux-x86_64/sysroot/usr/include]
  implicit include dirs: [/home/msist/Android/Sdk/ndk/27.0.12077973/toolchains/llvm/prebuilt/linux-x86_64/sysroot/usr/include/c++/v1;/home/msist/Android/Sdk/ndk/27.0.12077973/toolchains/llvm/prebuilt/linux-x86_64/lib/clang/18/include;/home/msist/Android/Sdk/ndk/27.0.12077973/toolchains/llvm/prebuilt/linux-x86_64/sysroot/usr/include/aarch64-linux-android;/home/msist/Android/Sdk/ndk/27.0.12077973/toolchains/llvm/prebuilt/linux-x86_64/sysroot/usr/include]


Parsed CXX implicit link information from above output:
  link line regex: [^( *|.*[/\])(ld\.lld|CMAKE_LINK_STARTFILE-NOTFOUND|([^/\]+-)?ld|collect2)[^/\]*( |$)]
  ignore line: [Change Dir: /media/msist/data/OpenCLAndroidExample_yes/build_cli/CMakeFiles/CMakeTmp]
  ignore line: []
  ignore line: [Run Build Command(s):/usr/bin/gmake -f Makefile cmTC_02fa8/fast && gmake[1]: Entering directory '/media/msist/data/OpenCLAndroidExample_yes/build_cli/CMakeFiles/CMakeTmp']
  ignore line: [/usr/bin/gmake  -f CMakeFiles/cmTC_02fa8.dir/build.make CMakeFiles/cmTC_02fa8.dir/build]
  ignore line: [gmake[2]: Entering directory '/media/msist/data/OpenCLAndroidExample_yes/build_cli/CMakeFiles/CMakeTmp']
  ignore line: [Building CXX object CMakeFiles/cmTC_02fa8.dir/CMakeCXXCompilerABI.cpp.o]
  ignore line: [/home/msist/Android/Sdk/ndk/27.0.12077973/toolchains/llvm/prebuilt/linux-x86_64/bin/clang++ --target=aarch64-none-linux-android24 --sysroot=/home/msist/Android/Sdk/ndk/27.0.12077973/toolchains/llvm/prebuilt/linux-x86_64/sysroot   -g -DANDROID -fdata-sections -ffunction-sections -funwind-tables -fstack-protector-strong -no-canonical-prefixes -D_FORTIFY_SOURCE=2 -Wformat    -fPIE   -v -MD -MT CMakeFiles/cmTC_02fa8.dir/CMakeCXXCompilerABI.cpp.o -MF CMakeFiles/cmTC_02fa8.dir/CMakeCXXCompilerABI.cpp.o.d -o CMakeFiles/cmTC_02fa8.dir/CMakeCXXCompilerABI.cpp.o -c /home/msist/Android/Sdk/cmake/3.22.1/share/cmake-3.22/Modules/CMakeCXXCompilerABI.cpp]
  ignore line: [Android (12027248  +pgo  +bolt  +lto  +mlgo  based on r522817) clang version 18.0.1 (https://android.googlesource.com/toolchain/llvm-project d8003a456d14a3deb8054cdaa529ffbf02d9b262)]
  ignore line: [Target: aarch64-none-linux-android24]
  ignore line: [Thread model: posix]
  ignore line: [InstalledDir: /home/msist/Android/Sdk/ndk/27.0.12077973/toolchains/llvm/prebuilt/linux-x86_64/bin]
  ignore line: [Found CUDA installation: /usr/local/cuda-12.6  version ]
  ignore line: [ (in-process)]
  ignore line: [ "/home/msist/Android/Sdk/ndk/27.0.12077973/toolchains/llvm/prebuilt/linux-x86_64/bin/clang++" -cc1 -triple aarch64-none-linux-android24 -emit-obj -mrelax-all -disable-free -clear-ast-before-backend -disable-llvm-verifier -discard-value-names -main-file-name CMakeCXXCompilerABI.cpp -mrelocation-model pic -pic-level 2 -pic-is-pie -mframe-pointer=non-leaf -ffp-contract=on -fno-rounding-math -mconstructor-aliases -funwind-tables=2 -target-cpu generic -target-feature +neon -target-feature +v8a -target-feature +fix-cortex-a53-835769 -target-abi aapcs -debug-info-kind=constructor -dwarf-version=4 -debugger-tuning=gdb -fdebug-compilation-dir=/media/msist/data/OpenCLAndroidExample_yes/build_cli/CMakeFiles/CMakeTmp -v -ffunction-sections -fdata-sections -fcoverage-compilation-dir=/media/msist/data/OpenCLAndroidExample_yes/build_cli/CMakeFiles/CMakeTmp -resource-dir /home/msist/Android/Sdk/ndk/27.0.12077973/toolchains/llvm/prebuilt/linux-x86_64/lib/clang/18 -dependency-file CMakeFiles/cmTC_02fa8.dir/CMakeCXXCompilerABI.cpp.o.d -MT CMakeFiles/cmTC_02fa8.dir/CMakeCXXCompilerABI.cpp.o -sys-header-deps -D ANDROID -D _FORTIFY_SOURCE=2 -isysroot /home/msist/Android/Sdk/ndk/27.0.12077973/toolchains/llvm/prebuilt/linux-x86_64/sysroot -internal-isystem /home/msist/Android/Sdk/ndk/27.0.12077973/toolchains/llvm/prebuilt/linux-x86_64/sysroot/usr/include/c++/v1 -internal-isystem /home/msist/Android/Sdk/ndk/27.0.12077973/toolchains/llvm/prebuilt/linux-x86_64/lib/clang/18/include -internal-isystem /home/msist/Android/Sdk/ndk/27.0.12077973/toolchains/llvm/prebuilt/linux-x86_64/sysroot/usr/local/include -internal-externc-isystem /home/msist/Android/Sdk/ndk/27.0.12077973/toolchains/llvm/prebuilt/linux-x86_64/sysroot/usr/include/aarch64-linux-android -internal-externc-isystem /home/msist/Android/Sdk/ndk/27.0.12077973/toolchains/llvm/prebuilt/linux-x86_64/sysroot/include -internal-externc-isystem /home/msist/Android/Sdk/ndk/27.0.12077973/toolchains/llvm/prebuilt/linux-x86_64/sysroot/usr/include -Wformat -fdeprecated-macro -ferror-limit 19 -femulated-tls -stack-protector 2 -fno-signed-char -fgnuc-version=4.2.1 -fcxx-exceptions -fexceptions -target-feature +outline-atomics -D__GCC_HAVE_DWARF2_CFI_ASM=1 -o CMakeFiles/cmTC_02fa8.dir/CMakeCXXCompilerABI.cpp.o -x c++ /home/msist/Android/Sdk/cmake/3.22.1/share/cmake-3.22/Modules/CMakeCXXCompilerABI.cpp]
  ignore line: [clang -cc1 version 18.0.1 based upon LLVM 18.0.1 default target x86_64-unknown-linux-gnu]
  ignore line: [ignoring nonexistent directory "/home/msist/Android/Sdk/ndk/27.0.12077973/toolchains/llvm/prebuilt/linux-x86_64/sysroot/usr/local/include"]
  ignore line: [ignoring nonexistent directory "/home/msist/Android/Sdk/ndk/27.0.12077973/toolchains/llvm/prebuilt/linux-x86_64/sysroot/include"]
  ignore line: [#include "..." search starts here:]
  ignore line: [#include <...> search starts here:]
  ignore line: [ /home/msist/Android/Sdk/ndk/27.0.12077973/toolchains/llvm/prebuilt/linux-x86_64/sysroot/usr/include/c++/v1]
  ignore line: [ /home/msist/Android/Sdk/ndk/27.0.12077973/toolchains/llvm/prebuilt/linux-x86_64/lib/clang/18/include]
  ignore line: [ /home/msist/Android/Sdk/ndk/27.0.12077973/toolchains/llvm/prebuilt/linux-x86_64/sysroot/usr/include/aarch64-linux-android]
  ignore line: [ /home/msist/Android/Sdk/ndk/27.0.12077973/toolchains/llvm/prebuilt/linux-x86_64/sysroot/usr/include]
  ignore line: [End of search list.]
  ignore line: [Linking CXX executable cmTC_02fa8]
  ignore line: [/home/msist/Android/Sdk/cmake/3.22.1/bin/cmake -E cmake_link_script CMakeFiles/cmTC_02fa8.dir/link.txt --verbose=1]
  ignore line: [/home/msist/Android/Sdk/ndk/27.0.12077973/toolchains/llvm/prebuilt/linux-x86_64/bin/clang++ --target=aarch64-none-linux-android24 --sysroot=/home/msist/Android/Sdk/ndk/27.0.12077973/toolchains/llvm/prebuilt/linux-x86_64/sysroot -g -DANDROID -fdata-sections -ffunction-sections -funwind-tables -fstack-protector-strong -no-canonical-prefixes -D_FORTIFY_SOURCE=2 -Wformat    -static-libstdc++ -Wl --build-id=sha1 -Wl --no-rosegment -Wl --no-undefined-version -Wl --fatal-warnings -Wl --no-undefined -Qunused-arguments   -v CMakeFiles/cmTC_02fa8.dir/CMakeCXXCompilerABI.cpp.o -o cmTC_02fa8 ]
  ignore line: [Android (12027248  +pgo  +bolt  +lto  +mlgo  based on r522817) clang version 18.0.1 (https://android.googlesource.com/toolchain/llvm-project d8003a456d14a3deb8054cdaa529ffbf02d9b262)]
  ignore line: [Target: aarch64-none-linux-android24]
  ignore line: [Thread model: posix]
  ignore line: [InstalledDir: /home/msist/Android/Sdk/ndk/27.0.12077973/toolchains/llvm/prebuilt/linux-x86_64/bin]
  ignore line: [Found CUDA installation: /usr/local/cuda-12.6  version ]
  link line: [ "/home/msist/Android/Sdk/ndk/27.0.12077973/toolchains/llvm/prebuilt/linux-x86_64/bin/ld.lld" --sysroot=/home/msist/Android/Sdk/ndk/27.0.12077973/toolchains/llvm/prebuilt/linux-x86_64/sysroot -EL --fix-cortex-a53-843419 -z now -z relro -z max-page-size=4096 --hash-style=gnu --eh-frame-hdr -m aarch64linux -pie -dynamic-linker /system/bin/linker64 -o cmTC_02fa8 /home/msist/Android/Sdk/ndk/27.0.12077973/toolchains/llvm/prebuilt/linux-x86_64/sysroot/usr/lib/aarch64-linux-android/24/crtbegin_dynamic.o -L/home/msist/Android/Sdk/ndk/27.0.12077973/toolchains/llvm/prebuilt/linux-x86_64/lib/clang/18/lib/linux/aarch64 -L/home/msist/Android/Sdk/ndk/27.0.12077973/toolchains/llvm/prebuilt/linux-x86_64/sysroot/usr/lib/aarch64-linux-android/24 -L/home/msist/Android/Sdk/ndk/27.0.12077973/toolchains/llvm/prebuilt/linux-x86_64/sysroot/usr/lib/aarch64-linux-android -L/home/msist/Android/Sdk/ndk/27.0.12077973/toolchains/llvm/prebuilt/linux-x86_64/sysroot/usr/lib --build-id=sha1 --no-rosegment --no-undefined-version --fatal-warnings --no-undefined CMakeFiles/cmTC_02fa8.dir/CMakeCXXCompilerABI.cpp.o -Bstatic -lc++ -Bdynamic -lm /home/msist/Android/Sdk/ndk/27.0.12077973/toolchains/llvm/prebuilt/linux-x86_64/lib/clang/18/lib/linux/libclang_rt.builtins-aarch64-android.a -l:libunwind.a -ldl -lc /home/msist/Android/Sdk/ndk/27.0.12077973/toolchains/llvm/prebuilt/linux-x86_64/lib/clang/18/lib/linux/libclang_rt.builtins-aarch64-android.a -l:libunwind.a -ldl /home/msist/Android/Sdk/ndk/27.0.12077973/toolchains/llvm/prebuilt/linux-x86_64/sysroot/usr/lib/aarch64-linux-android/24/crtend_android.o]
    arg [/home/msist/Android/Sdk/ndk/27.0.12077973/toolchains/llvm/prebuilt/linux-x86_64/bin/ld.lld] ==> ignore
    arg [--sysroot=/home/msist/Android/Sdk/ndk/27.0.12077973/toolchains/llvm/prebuilt/linux-x86_64/sysroot] ==> ignore
    arg [-EL] ==> ignore
    arg [--fix-cortex-a53-843419] ==> ignore
    arg [-znow] ==> ignore
    arg [-zrelro] ==> ignore
    arg [-zmax-page-size=4096] ==> ignore
    arg [--hash-style=gnu] ==> ignore
    arg [--eh-frame-hdr] ==> ignore
    arg [-m] ==> ignore
    arg [aarch64linux] ==> ignore
    arg [-pie] ==> ignore
    arg [-dynamic-linker] ==> ignore
    arg [/system/bin/linker64] ==> ignore
    arg [-o] ==> ignore
    arg [cmTC_02fa8] ==> ignore
    arg [/home/msist/Android/Sdk/ndk/27.0.12077973/toolchains/llvm/prebuilt/linux-x86_64/sysroot/usr/lib/aarch64-linux-android/24/crtbegin_dynamic.o] ==> obj [/home/msist/Android/Sdk/ndk/27.0.12077973/toolchains/llvm/prebuilt/linux-x86_64/sysroot/usr/lib/aarch64-linux-android/24/crtbegin_dynamic.o]
    arg [-L/home/msist/Android/Sdk/ndk/27.0.12077973/toolchains/llvm/prebuilt/linux-x86_64/lib/clang/18/lib/linux/aarch64] ==> dir [/home/msist/Android/Sdk/ndk/27.0.12077973/toolchains/llvm/prebuilt/linux-x86_64/lib/clang/18/lib/linux/aarch64]
    arg [-L/home/msist/Android/Sdk/ndk/27.0.12077973/toolchains/llvm/prebuilt/linux-x86_64/sysroot/usr/lib/aarch64-linux-android/24] ==> dir [/home/msist/Android/Sdk/ndk/27.0.12077973/toolchains/llvm/prebuilt/linux-x86_64/sysroot/usr/lib/aarch64-linux-android/24]
    arg [-L/home/msist/Android/Sdk/ndk/27.0.12077973/toolchains/llvm/prebuilt/linux-x86_64/sysroot/usr/lib/aarch64-linux-android] ==> dir [/home/msist/Android/Sdk/ndk/27.0.12077973/toolchains/llvm/prebuilt/linux-x86_64/sysroot/usr/lib/aarch64-linux-android]
    arg [-L/home/msist/Android/Sdk/ndk/27.0.12077973/toolchains/llvm/prebuilt/linux-x86_64/sysroot/usr/lib] ==> dir [/home/msist/Android/Sdk/ndk/27.0.12077973/toolchains/llvm/prebuilt/linux-x86_64/sysroot/usr/lib]
    arg [--build-id=sha1] ==> ignore
    arg [--no-rosegment] ==> ignore
    arg [--no-undefined-version] ==> ignore
    arg [--fatal-warnings] ==> ignore
    arg [--no-undefined] ==> ignore
    arg [CMakeFiles/cmTC_02fa8.dir/CMakeCXXCompilerABI.cpp.o] ==> ignore
    arg [-Bstatic] ==> search static
    arg [-lc++] ==> lib [c++]
    arg [-Bdynamic] ==> search dynamic
    arg [-lm] ==> lib [m]
    arg [/home/msist/Android/Sdk/ndk/27.0.12077973/toolchains/llvm/prebuilt/linux-x86_64/lib/clang/18/lib/linux/libclang_rt.builtins-aarch64-android.a] ==> lib [/home/msist/Android/Sdk/ndk/27.0.12077973/toolchains/llvm/prebuilt/linux-x86_64/lib/clang/18/lib/linux/libclang_rt.builtins-aarch64-android.a]
    arg [-l:libunwind.a] ==> lib [-l:libunwind.a]
    arg [-ldl] ==> lib [dl]
    arg [-lc] ==> lib [c]
    arg [/home/msist/Android/Sdk/ndk/27.0.12077973/toolchains/llvm/prebuilt/linux-x86_64/lib/clang/18/lib/linux/libclang_rt.builtins-aarch64-android.a] ==> lib [/home/msist/Android/Sdk/ndk/27.0.12077973/toolchains/llvm/prebuilt/linux-x86_64/lib/clang/18/lib/linux/libclang_rt.builtins-aarch64-android.a]
    arg [-l:libunwind.a] ==> lib [-l:libunwind.a]
    arg [-ldl] ==> lib [dl]
    arg [/home/msist/Android/Sdk/ndk/27.0.12077973/toolchains/llvm/prebuilt/linux-x86_64/sysroot/usr/lib/aarch64-linux-android/24/crtend_android.o] ==> obj [/home/msist/Android/Sdk/ndk/27.0.12077973/toolchains/llvm/prebuilt/linux-x86_64/sysroot/usr/lib/aarch64-linux-android/24/crtend_android.o]
  remove lib [/home/msist/Android/Sdk/ndk/27.0.12077973/toolchains/llvm/prebuilt/linux-x86_64/lib/clang/18/lib/linux/libclang_rt.builtins-aarch64-android.a]
  remove lib [/home/msist/Android/Sdk/ndk/27.0.12077973/toolchains/llvm/prebuilt/linux-x86_64/lib/clang/18/lib/linux/libclang_rt.builtins-aarch64-android.a]
  collapse library dir [/home/msist/Android/Sdk/ndk/27.0.12077973/toolchains/llvm/prebuilt/linux-x86_64/lib/clang/18/lib/linux/aarch64] ==> [/home/msist/Android/Sdk/ndk/27.0.12077973/toolchains/llvm/prebuilt/linux-x86_64/lib/clang/18/lib/linux/aarch64]
  collapse library dir [/home/msist/Android/Sdk/ndk/27.0.12077973/toolchains/llvm/prebuilt/linux-x86_64/sysroot/usr/lib/aarch64-linux-android/24] ==> [/home/msist/Android/Sdk/ndk/27.0.12077973/toolchains/llvm/prebuilt/linux-x86_64/sysroot/usr/lib/aarch64-linux-android/24]
  collapse library dir [/home/msist/Android/Sdk/ndk/27.0.12077973/toolchains/llvm/prebuilt/linux-x86_64/sysroot/usr/lib/aarch64-linux-android] ==> [/home/msist/Android/Sdk/ndk/27.0.12077973/toolchains/llvm/prebuilt/linux-x86_64/sysroot/usr/lib/aarch64-linux-android]
  collapse library dir [/home/msist/Android/Sdk/ndk/27.0.12077973/toolchains/llvm/prebuilt/linux-x86_64/sysroot/usr/lib] ==> [/home/msist/Android/Sdk/ndk/27.0.12077973/toolchains/llvm/prebuilt/linux-x86_64/sysroot/usr/lib]
  implicit libs: [c++;m;-l:libunwind.a;dl;c;-l:libunwind.a;dl]
  implicit objs: [/home/msist/Android/Sdk/ndk/27.0.12077973/toolchains/llvm/prebuilt/linux-x86_64/sysroot/usr/lib/aarch64-linux-android/24/crtbegin_dynamic.o;/home/msist/Android/Sdk/ndk/27.0.12077973/toolchains/llvm/prebuilt/linux-x86_64/sysroot/usr/lib/aarch64-linux-android/24/crtend_android.o]
  implicit dirs: [/home/msist/Android/Sdk/ndk/27.0.12077973/toolchains/llvm/prebuilt/linux-x86_64/lib/clang/18/lib/linux/aarch64;/home/msist/Android/Sdk/ndk/27.0.12077973/toolchains/llvm/prebuilt/linux-x86_64/sysroot/usr/lib/aarch64-linux-android/24;/home/msist/Android/Sdk/ndk/27.0.12077973/toolchains/llvm/prebuilt/linux-x86_64/sysroot/usr/lib/aarch64-linux-android;/home/msist/Android/Sdk/ndk/27.0.12077973/toolchains/llvm/prebuilt/linux-x86_64/sysroot/usr/lib]
  implicit fwks: []


